Log file open, 10/25/19 21:52:40
LogWindows: Failed to load 'aqProf.dll' (GetLastError=126)
LogWindows: File 'aqProf.dll' does not exist
LogWindows: Failed to load 'VSPerf140.dll' (GetLastError=126)
LogWindows: File 'VSPerf140.dll' does not exist
LogWindows: Failed to load 'VtuneApi.dll' (GetLastError=126)
LogWindows: File 'VtuneApi.dll' does not exist
LogWindows: Failed to load 'VtuneApi32e.dll' (GetLastError=126)
LogWindows: File 'VtuneApi32e.dll' does not exist
LogInit: Display: Running engine for game: MonolithTD2019
LogPlatformFile: Not using cached read wrapper
LogTaskGraph: Started task graph with 5 named threads and 11 total threads with 3 sets of task threads.
LogStats: Stats thread started at 0.468852
LogD3D11RHI: Loaded GFSDK_Aftermath_Lib.x64.dll
LogICUInternationalization: Display: ICU TimeZone Detection - Raw Offset: -5:00, Platform Override: ''
LogPluginManager: Mounting plugin Paper2D
LogPluginManager: Mounting plugin AISupport
LogPluginManager: Mounting plugin LightPropagationVolume
LogPluginManager: Mounting plugin CLionSourceCodeAccess
LogPluginManager: Mounting plugin CodeLiteSourceCodeAccess
LogPluginManager: Mounting plugin GitSourceControl
LogPluginManager: Mounting plugin KDevelopSourceCodeAccess
LogPluginManager: Mounting plugin NullSourceCodeAccess
LogPluginManager: Mounting plugin PerforceSourceControl
LogPluginManager: Mounting plugin SubversionSourceControl
LogPluginManager: Mounting plugin UObjectPlugin
LogPluginManager: Mounting plugin VisualStudioCodeSourceCodeAccess
LogPluginManager: Mounting plugin VisualStudioSourceCodeAccess
LogPluginManager: Mounting plugin XCodeSourceCodeAccess
LogPluginManager: Mounting plugin AssetManagerEditor
LogPluginManager: Mounting plugin CryptoKeys
LogPluginManager: Mounting plugin DataValidation
LogPluginManager: Mounting plugin FacialAnimation
LogPluginManager: Mounting plugin GameplayTagsEditor
LogPluginManager: Mounting plugin MacGraphicsSwitching
LogPluginManager: Mounting plugin MeshEditor
LogPluginManager: Mounting plugin MobileLauncherProfileWizard
LogPluginManager: Mounting plugin PluginBrowser
LogPluginManager: Mounting plugin SpeedTreeImporter
LogPluginManager: Mounting plugin DatasmithContent
LogPluginManager: Mounting plugin AlembicImporter
LogPluginManager: Mounting plugin AppleImageUtils
LogPluginManager: Mounting plugin AppleVision
LogPluginManager: Mounting plugin BackChannel
LogPluginManager: Mounting plugin CharacterAI
LogPluginManager: Mounting plugin GeometryCache
LogPluginManager: Mounting plugin HTML5Networking
LogPluginManager: Mounting plugin ProxyLODPlugin
LogPluginManager: Mounting plugin MagicLeap
LogPluginManager: Mounting plugin MagicLeapEmulator
LogPluginManager: Mounting plugin MagicLeapMedia
LogPluginManager: Mounting plugin AndroidMedia
LogPluginManager: Mounting plugin AvfMedia
LogPluginManager: Mounting plugin ImgMedia
LogPluginManager: Mounting plugin LinearTimecode
LogPluginManager: Mounting plugin MediaCompositing
LogPluginManager: Mounting plugin MediaPlayerEditor
LogPluginManager: Mounting plugin WmfMedia
LogPluginManager: Mounting plugin TcpMessaging
LogPluginManager: Mounting plugin UdpMessaging
LogPluginManager: Mounting plugin ActorSequence
LogPluginManager: Mounting plugin LevelSequenceEditor
LogPluginManager: Mounting plugin MatineeToLevelSequence
LogPluginManager: Mounting plugin NetcodeUnitTest
LogPluginManager: Mounting plugin NUTUnrealEngine4
LogPluginManager: Mounting plugin OnlineSubsystemGooglePlay
LogPluginManager: Mounting plugin OnlineSubsystemIOS
LogPluginManager: Mounting plugin OnlineSubsystem
LogPluginManager: Mounting plugin OnlineSubsystemNull
LogPluginManager: Mounting plugin OnlineSubsystemUtils
LogPluginManager: Mounting plugin LauncherChunkInstaller
LogPluginManager: Mounting plugin AndroidDeviceProfileSelector
LogPluginManager: Mounting plugin AndroidMoviePlayer
LogPluginManager: Mounting plugin AndroidPermission
LogPluginManager: Mounting plugin AppleMoviePlayer
LogPluginManager: Mounting plugin ArchVisCharacter
LogPluginManager: Mounting plugin AudioCapture
LogPluginManager: Mounting plugin CableComponent
LogPluginManager: Mounting plugin CustomMeshComponent
LogPluginManager: Mounting plugin EditableMesh
LogPluginManager: Mounting plugin ExampleDeviceProfileSelector
LogPluginManager: Mounting plugin GoogleCloudMessaging
LogPluginManager: Mounting plugin ImmediatePhysics
LogPluginManager: Mounting plugin IOSDeviceProfileSelector
LogPluginManager: Mounting plugin LinuxDeviceProfileSelector
LogPluginManager: Mounting plugin LocationServicesBPLibrary
LogPluginManager: Mounting plugin MobilePatchingUtils
LogPluginManager: Mounting plugin OculusVR
LogPluginManager: Plugin shader directory ../../../Engine/Plugins/Runtime/Oculus/OculusVR/Shaders found
LogPluginManager: Mapping shader source directory ../../../Engine/Plugins/Runtime/Oculus/OculusVR/Shaders to virtual directory /Plugin/OculusVR
LogPluginManager: Mounting plugin PhysXVehicles
LogPluginManager: Mounting plugin ProceduralMeshComponent
LogPluginManager: Mounting plugin RuntimePhysXCooking
LogPluginManager: Mounting plugin SteamVR
LogPluginManager: Mounting plugin WindowsMoviePlayer
LogStreaming: Display: Took  0.440s to configure plugins.
LogInit: Using libcurl 7.55.1-DEV
LogInit:  - built for x86_64-pc-win32
LogInit:  - supports SSL with OpenSSL/1.0.2h
LogInit:  - supports HTTP deflate (compression) using libz 1.2.8
LogInit:  - other features:
LogInit:      CURL_VERSION_SSL
LogInit:      CURL_VERSION_LIBZ
LogInit:      CURL_VERSION_IPV6
LogInit:      CURL_VERSION_ASYNCHDNS
LogInit:      CURL_VERSION_LARGEFILE
LogInit:      CURL_VERSION_IDN
LogInit:  CurlRequestOptions (configurable via config and command line):
LogInit:  - bVerifyPeer = false  - Libcurl will NOT verify peer certificate
LogInit:  - bUseHttpProxy = false  - Libcurl will NOT use HTTP proxy
LogInit:  - bDontReuseConnections = false  - Libcurl will reuse connections
LogInit:  - CertBundlePath = nullptr  - Libcurl will use whatever was configured at build time.
LogInit:  - MaxHostConnections = 16  - Libcurl will limit the number of connections to a host
LogInit:  - LocalHostAddr = Default
LogInit:  - BufferSize = 65536
LogInit: WinSock: version 1.1 (2.2), MaxSocks=32767, MaxUdp=65467
LogInit: Build: ++UE4+Release-4.20-CL-4369336
LogInit: Engine Version: 4.20.3-4369336+++UE4+Release-4.20
LogInit: Compatible Engine Version: 4.20.0-4212847+++UE4+Release-4.20
LogInit: Net CL: 4212847
LogInit: OS: Windows 10 (), CPU: Intel(R) Core(TM) i5-6300U CPU @ 2.40GHz, GPU: Intel(R) HD Graphics 520
LogInit: Compiled (64-bit): Sep 17 2018 12:26:19
LogInit: Compiled with Visual C++: 19.13.26129.00
LogInit: Build Configuration: Development
LogInit: Branch Name: ++UE4+Release-4.20
LogInit: Command Line:  
LogInit: Base Directory: C:/Program Files/Epic Games/UE_4.20/Engine/Binaries/Win64/
LogInit: Installed Engine Build: 1
LogDevObjectVersion: Number of dev versions registered: 20
LogDevObjectVersion:   Dev-Blueprints (B0D832E4-1F89-4F0D-ACCF-7EB736FD4AA2): 10
LogDevObjectVersion:   Dev-Build (E1C64328-A22C-4D53-A36C-8E866417BD8C): 0
LogDevObjectVersion:   Dev-Core (375EC13C-06E4-48FB-B500-84F0262A717E): 2
LogDevObjectVersion:   Dev-Editor (E4B068ED-F494-42E9-A231-DA0B2E46BB41): 24
LogDevObjectVersion:   Dev-Framework (CFFC743F-43B0-4480-9391-14DF171D2073): 34
LogDevObjectVersion:   Dev-Mobile (B02B49B5-BB20-44E9-A304-32B752E40360): 2
LogDevObjectVersion:   Dev-Networking (A4E4105C-59A1-49B5-A7C5-40C4547EDFEE): 0
LogDevObjectVersion:   Dev-Online (39C831C9-5AE6-47DC-9A44-9C173E1C8E7C): 0
LogDevObjectVersion:   Dev-Physics (78F01B33-EBEA-4F98-B9B4-84EACCB95AA2): 0
LogDevObjectVersion:   Dev-Platform (6631380F-2D4D-43E0-8009-CF276956A95A): 0
LogDevObjectVersion:   Dev-Rendering (12F88B9F-8875-4AFC-A67C-D90C383ABD29): 26
LogDevObjectVersion:   Dev-Sequencer (7B5AE74C-D270-4C10-A958-57980B212A5A): 9
LogDevObjectVersion:   Dev-VR (D7296918-1DD6-4BDD-9DE2-64A83CC13884): 2
LogDevObjectVersion:   Dev-LoadTimes (C2A15278-BFE7-4AFE-6C17-90FF531DF755): 1
LogDevObjectVersion:   Private-Geometry (6EACA3D4-40EC-4CC1-B786-8BED09428FC5): 3
LogDevObjectVersion:   Dev-AnimPhys (29E575DD-E0A3-4627-9D10-D276232CDCEA): 17
LogDevObjectVersion:   Dev-ReflectionCapture (6B266CEC-1EC7-4B8F-A30B-E4D90942FC07): 1
LogDevObjectVersion:   Dev-Automation (0DF73D61-A23F-47EA-B727-89E90C41499A): 1
LogDevObjectVersion:   FortniteMain (601D1886-AC64-4F84-AA16-D3DE0DEAC7D6): 12
LogDevObjectVersion:   Dev-Enterprise (9DFFBCD6-494F-0158-E221-12823C92A888): 1
LogStreaming: Display: Took  0.001s to delete old logs.
LogInit: Presizing for max 8388607 objects, including 0 objects not considered by GC, pre-allocating 0 bytes for permanent pool.
LogInit: Object subsystem initialized
[2019.10.26-01.52.42:781][  0]LogInit: Selected Device Profile: [Windows]
[2019.10.26-01.52.42:782][  0]LogInit: Applying CVar settings loaded from the selected device profile: [Windows]
[2019.10.26-01.52.42:822][  0]LogHAL: Display: Platform has ~ 8 GB [8511569920 / 8589934592 / 8], which maps to Default [LargestMinGB=32, LargerMinGB=12, DefaultMinGB=8, SmallerMinGB=6, SmallestMinGB=0)
[2019.10.26-01.52.42:824][  0]LogInit: Setting Device Profile CVar: [[r.Vulkan.UseRealUBs:1]]
[2019.10.26-01.52.42:824][  0]LogInit: Going up to parent DeviceProfile []
[2019.10.26-01.52.42:832][  0]LogInit: Computer: WFI-SURFACEBOOK
[2019.10.26-01.52.42:832][  0]LogInit: User: twzhe
[2019.10.26-01.52.42:832][  0]LogInit: CPU Page size=4096, Cores=2
[2019.10.26-01.52.42:832][  0]LogInit: High frequency timer resolution =10.000000 MHz
[2019.10.26-01.52.42:832][  0]LogMemory: Memory total: Physical=7.9GB (8GB approx)
[2019.10.26-01.52.42:832][  0]LogMemory: Platform Memory Stats for Windows
[2019.10.26-01.52.42:832][  0]LogMemory: Process Physical Memory: 103.05 MB used, 103.06 MB peak
[2019.10.26-01.52.42:832][  0]LogMemory: Process Virtual Memory: 84.04 MB used, 84.04 MB peak
[2019.10.26-01.52.42:832][  0]LogMemory: Physical Memory: 6771.33 MB used,  1345.93 MB free, 8117.27 MB total
[2019.10.26-01.52.42:832][  0]LogMemory: Virtual Memory: 4605.16 MB used,  1345.93 MB free, 134217728.00 MB total
[2019.10.26-01.52.43:299][  0]LogInit: Using OS detected language (en-US).
[2019.10.26-01.52.43:299][  0]LogInit: Using OS detected locale (en-US).
[2019.10.26-01.52.43:305][  0]LogTextLocalizationManager: No specific localization for 'en-US' exists, so the 'en' localization will be used.
[2019.10.26-01.52.43:889][  0]LogStreaming: Display: Took  0.591s to InitEngineTextLocalization.
[2019.10.26-01.52.43:890][  0]LogInit: Setting process to per monitor DPI aware
[2019.10.26-01.52.44:118][  0]LogSlate: New Slate User Created.  User Index 0, Is Virtual User: 0
[2019.10.26-01.52.44:118][  0]LogSlate: Slate User Registered.  User Index 0, Is Virtual User: 0
[2019.10.26-01.52.47:758][  0]LogHMD: Failed to initialize OpenVR with code 110
[2019.10.26-01.52.47:758][  0]LogD3D11RHI: D3D11 adapters:
[2019.10.26-01.52.48:078][  0]LogD3D11RHI:    0. 'NVIDIA GeForce GPU' (Feature Level 11_0)
[2019.10.26-01.52.48:078][  0]LogD3D11RHI:       987/0/4058 MB DedicatedVideo/DedicatedSystem/SharedSystem, Outputs:1, VendorId:0x10de
[2019.10.26-01.52.48:259][  0]LogD3D11RHI:    1. 'Intel(R) HD Graphics 520' (Feature Level 11_0)
[2019.10.26-01.52.48:259][  0]LogD3D11RHI:       128/0/4058 MB DedicatedVideo/DedicatedSystem/SharedSystem, Outputs:0, VendorId:0x8086
[2019.10.26-01.52.48:271][  0]LogD3D11RHI:    2. 'Microsoft Basic Render Driver' (Feature Level 11_0)
[2019.10.26-01.52.48:271][  0]LogD3D11RHI:       0/0/4058 MB DedicatedVideo/DedicatedSystem/SharedSystem, Outputs:0, VendorId:0x1414
[2019.10.26-01.52.48:271][  0]LogD3D11RHI: Chosen D3D11 Adapter: 0
[2019.10.26-01.52.48:328][  0]LogD3D11RHI: Creating new Direct3DDevice
[2019.10.26-01.52.48:328][  0]LogD3D11RHI:     GPU DeviceId: 0x134b (for the marketing name, search the web for "GPU Device Id")
[2019.10.26-01.52.48:328][  0]LogWindows: EnumDisplayDevices:
[2019.10.26-01.52.48:328][  0]LogWindows:    0. 'Intel(R) HD Graphics 520' (P:1 D:1)
[2019.10.26-01.52.48:329][  0]LogWindows:    1. 'Intel(R) HD Graphics 520' (P:0 D:0)
[2019.10.26-01.52.48:329][  0]LogWindows:    2. 'Intel(R) HD Graphics 520' (P:0 D:0)
[2019.10.26-01.52.48:330][  0]LogWindows: DebugString: PrimaryIsNotTheChoosenAdapter PrimaryIsNotTheChoosenAdapter PrimaryIsNotTheChoosenAdapter FoundDriverCount:0 
[2019.10.26-01.52.48:330][  0]LogD3D11RHI:     Adapter Name: NVIDIA GeForce GPU
[2019.10.26-01.52.48:330][  0]LogD3D11RHI:   Driver Version: Unknown (internal:Unknown, unified:Unknown)
[2019.10.26-01.52.48:330][  0]LogD3D11RHI:      Driver Date: Unknown
[2019.10.26-01.52.48:330][  0]LogRHI: Texture pool is 691 MB (70% of 987 MB)
[2019.10.26-01.52.48:425][  0]LogD3D11RHI: Async texture creation enabled
[2019.10.26-01.52.48:457][  0]LogD3D11RHI: GPU Timing Frequency: 1000.000000 (Debug: 2 2)
[2019.10.26-01.52.48:460][  0]LogShaderCompilers: Guid format shader working directory is -22 characters bigger than the processId version (../../../../../../Users/twzhe/Desktop/MonolithTD2019/MonolithTD2019/Intermediate/Shaders/WorkingDirectory/12564/).
[2019.10.26-01.52.48:461][  0]LogShaderCompilers: Cleaned the shader compiler working directory 'C:/Users/twzhe/AppData/Local/Temp/UnrealShaderWorkingDir/E8A1D8234EE791ED491045A6611818CD/'.
[2019.10.26-01.52.49:289][  0]LogTemp: Display: Loaded TP AllDesktopTargetPlatform
[2019.10.26-01.52.49:331][  0]LogTemp: Display: Loaded TP MacClientTargetPlatform
[2019.10.26-01.52.49:366][  0]LogTemp: Display: Loaded TP MacNoEditorTargetPlatform
[2019.10.26-01.52.49:402][  0]LogTemp: Display: Loaded TP MacServerTargetPlatform
[2019.10.26-01.52.49:446][  0]LogTemp: Display: Loaded TP MacTargetPlatform
[2019.10.26-01.52.49:483][  0]LogTemp: Display: Loaded TP WindowsClientTargetPlatform
[2019.10.26-01.52.49:520][  0]LogTemp: Display: Loaded TP WindowsNoEditorTargetPlatform
[2019.10.26-01.52.49:560][  0]LogTemp: Display: Loaded TP WindowsServerTargetPlatform
[2019.10.26-01.52.49:588][  0]LogTemp: Display: Loaded TP WindowsTargetPlatform
[2019.10.26-01.52.49:731][  0]LogTemp: Display: Loaded TP AndroidTargetPlatform
[2019.10.26-01.52.49:731][  0]LogTemp: Display: Loaded TP AndroidTargetPlatform
[2019.10.26-01.52.49:731][  0]LogTemp: Display: Loaded TP AndroidTargetPlatform
[2019.10.26-01.52.49:731][  0]LogTemp: Display: Loaded TP AndroidTargetPlatform
[2019.10.26-01.52.49:731][  0]LogTemp: Display: Loaded TP AndroidTargetPlatform
[2019.10.26-01.52.49:731][  0]LogTemp: Display: Loaded TP AndroidTargetPlatform
[2019.10.26-01.52.49:731][  0]LogTemp: Display: Loaded TP AndroidTargetPlatform
[2019.10.26-01.52.49:731][  0]LogTemp: Display: Loaded TP AndroidTargetPlatform
[2019.10.26-01.52.49:731][  0]LogTemp: Display: Loaded TP AndroidTargetPlatform
[2019.10.26-01.52.49:731][  0]LogTemp: Display: Loaded TP AndroidTargetPlatform
[2019.10.26-01.52.49:731][  0]LogTemp: Display: Loaded TP AndroidTargetPlatform
[2019.10.26-01.52.49:731][  0]LogTemp: Display: Loaded TP AndroidTargetPlatform
[2019.10.26-01.52.49:731][  0]LogTemp: Display: Loaded TP AndroidTargetPlatform
[2019.10.26-01.52.49:731][  0]LogTemp: Display: Loaded TP AndroidTargetPlatform
[2019.10.26-01.52.49:731][  0]LogTemp: Display: Loaded TP AndroidTargetPlatform
[2019.10.26-01.52.49:731][  0]LogTemp: Display: Loaded TP AndroidTargetPlatform
[2019.10.26-01.52.49:731][  0]LogTemp: Display: Loaded TP AndroidTargetPlatform
[2019.10.26-01.52.49:732][  0]LogTemp: Display: Loaded TP AndroidTargetPlatform
[2019.10.26-01.52.49:754][  0]LogTemp: Display: Loaded TP HTML5TargetPlatform
[2019.10.26-01.52.49:896][  0]LogTemp: Display: Loaded TP IOSTargetPlatform
[2019.10.26-01.52.49:896][  0]LogTemp: Display: Loaded TP IOSTargetPlatform
[2019.10.26-01.52.49:946][  0]LogTemp: Display: Loaded TP TVOSTargetPlatform
[2019.10.26-01.52.49:946][  0]LogTemp: Display: Loaded TP TVOSTargetPlatform
[2019.10.26-01.52.49:982][  0]LogTemp: Display: Loaded TP LinuxClientTargetPlatform
[2019.10.26-01.52.50:020][  0]LogTemp: Display: Loaded TP LinuxNoEditorTargetPlatform
[2019.10.26-01.52.50:055][  0]LogTemp: Display: Loaded TP LinuxServerTargetPlatform
[2019.10.26-01.52.50:104][  0]LogTemp: Display: Loaded TP LinuxTargetPlatform
[2019.10.26-01.52.50:136][  0]LogTemp: Display: Loaded TP LuminTargetPlatform
[2019.10.26-01.52.50:136][  0]LogTargetPlatformManager: Display: Building Assets For Windows
[2019.10.26-01.52.50:832][  0]LogXGEController: Cleaning working directory: C:/Users/twzhe/AppData/Local/Temp/UnrealXGEWorkingDir/
[2019.10.26-01.52.50:833][  0]LogXGEController: Cannot use XGE Controller as Incredibuild is not installed on this machine.
[2019.10.26-01.52.50:833][  0]LogShaderCompilers: Cannot use XGE Shader Compiler as Incredibuild is not installed on this machine.
[2019.10.26-01.52.50:833][  0]LogShaderCompilers: Display: Using Local Shader Compiler.
[2019.10.26-01.52.54:281][  0]LogDerivedDataCache: Display: Max Cache Size: 512 MB
[2019.10.26-01.52.54:539][  0]LogDerivedDataCache: Loaded boot cache 0.26s 71MB C:/Users/twzhe/AppData/Local/UnrealEngine/4.20/DerivedDataCache/Boot.ddc.
[2019.10.26-01.52.54:540][  0]LogDerivedDataCache: Display: Loaded Boot cache: C:/Users/twzhe/AppData/Local/UnrealEngine/4.20/DerivedDataCache/Boot.ddc
[2019.10.26-01.52.54:540][  0]LogDerivedDataCache: FDerivedDataBackendGraph:  Pak pak cache file ../../../../../../Users/twzhe/Desktop/MonolithTD2019/MonolithTD2019/DerivedDataCache/DDC.ddp not found, will not use a pak cache.
[2019.10.26-01.52.54:540][  0]LogDerivedDataCache: Unable to find inner node Pak for hierarchical cache Hierarchy.
[2019.10.26-01.52.54:540][  0]LogDerivedDataCache: FDerivedDataBackendGraph:  CompressedPak pak cache file ../../../../../../Users/twzhe/Desktop/MonolithTD2019/MonolithTD2019/DerivedDataCache/Compressed.ddp not found, will not use a pak cache.
[2019.10.26-01.52.54:540][  0]LogDerivedDataCache: Unable to find inner node CompressedPak for hierarchical cache Hierarchy.
[2019.10.26-01.52.54:574][  0]LogDerivedDataCache: Display: Pak cache opened for reading ../../../Engine/DerivedDataCache/Compressed.ddp.
[2019.10.26-01.52.54:589][  0]LogDerivedDataCache: Using Local data cache path C:/Users/twzhe/AppData/Local/UnrealEngine/Common/DerivedDataCache: Writable
[2019.10.26-01.52.54:589][  0]LogDerivedDataCache: Shared data cache path not found in *engine.ini, will not use an Shared cache.
[2019.10.26-01.52.54:589][  0]LogDerivedDataCache: Unable to find inner node Shared for hierarchical cache Hierarchy.
[2019.10.26-01.52.54:617][  0]LogMaterial: Verifying Global Shaders for PCD3D_SM5
[2019.10.26-01.52.54:619][  0]LogSlate: Using FreeType 2.6.0
[2019.10.26-01.52.54:664][  0]LogSlate: SlateFontServices - WITH_FREETYPE: 1, WITH_HARFBUZZ: 1
[2019.10.26-01.52.55:062][  0]LogAssetRegistry: FAssetRegistry took 0.0305 seconds to start up
[2019.10.26-01.52.55:744][  0]LogInit: Selected Device Profile: [Windows]
[2019.10.26-01.52.56:566][  0]LogSimplygon: Simplygon DLL not present - disabling.
[2019.10.26-01.52.56:645][  0]LogMeshReduction: Using SimplygonSwarm for distributed automatic mesh merging
[2019.10.26-01.52.56:645][  0]LogMeshReduction: Using ProxyLODMeshReduction for automatic mesh merging
[2019.10.26-01.52.56:645][  0]LogMeshReduction: Using QuadricMeshReduction for automatic static mesh reduction
[2019.10.26-01.52.56:645][  0]LogMeshReduction: No automatic skeletal mesh reduction module available
[2019.10.26-01.52.56:740][  0]LogNetVersion: MonolithTD2019 1.0.0, NetCL: 4212847, EngineNetVer: 5, GameNetVer: 0 (Checksum: 1902043167)
[2019.10.26-01.52.58:660][  0]LogPackageLocalizationCache: Processed 11 localized package path(s) for 2 prioritized culture(s) in 0.268226 seconds
[2019.10.26-01.52.58:671][  0]LogUObjectArray: 38425 objects as part of root set at end of initial load.
[2019.10.26-01.52.58:671][  0]LogUObjectAllocator: 6690872 out of 0 bytes used by permanent object pool.
[2019.10.26-01.52.58:671][  0]LogUObjectArray: CloseDisregardForGC: 0/0 objects in disregard for GC pool
[2019.10.26-01.53.05:855][  0]LogTcpMessaging: Initializing TcpMessaging bridge
[2019.10.26-01.53.05:891][  0]LogUdpMessaging: Initializing bridge on interface 0.0.0.0:0 to multicast group 230.0.0.1:6666.
[2019.10.26-01.53.06:600][  0]SourceControl: Source control is disabled
[2019.10.26-01.53.06:600][  0]SourceControl: Source control is disabled
[2019.10.26-01.53.06:650][  0]SourceControl: Source control is disabled
[2019.10.26-01.53.06:674][  0]SourceControl: Source control is disabled
[2019.10.26-01.53.07:819][  0]LogAndroidPermission: UAndroidPermissionCallbackProxy::GetInstance
[2019.10.26-01.53.08:232][  0]LogOcInput: OculusInput pre-init called
[2019.10.26-01.53.08:471][  0]LogEngine: Initializing Engine...
[2019.10.26-01.53.08:479][  0]LogHMD: Failed to initialize OpenVR with code 110
[2019.10.26-01.53.08:481][  0]LogStats: UGameplayTagsManager::ConstructGameplayTagTree: ImportINI prefixes -  0.000 s
[2019.10.26-01.53.08:481][  0]LogStats: UGameplayTagsManager::ConstructGameplayTagTree: Construct from data asset -  0.000 s
[2019.10.26-01.53.08:481][  0]LogStats: UGameplayTagsManager::ConstructGameplayTagTree: ImportINI -  0.000 s
[2019.10.26-01.53.08:481][  0]LogStats: UGameplayTagsManager::ConstructGameplayTagTree: GameplayTagTreeChangedEvent.Broadcast -  0.000 s
[2019.10.26-01.53.09:084][  0]LogInit: Initializing FReadOnlyCVARCache
[2019.10.26-01.53.09:157][  0]LogAIModule: Creating AISystem for world Untitled
[2019.10.26-01.53.09:260][  0]LogInit: XAudio2 using 'Headphones (Realtek High Definition Audio(SST))' : 2 channels at 48 kHz using 32 bits per sample (channel mask 0x3)
[2019.10.26-01.53.09:321][  0]LogInit: FAudioDevice initialized.
[2019.10.26-01.53.09:322][  0]LogNetVersion: Set ProjectVersion to 1.0.0.0. Version Checksum will be recalculated on next use.
[2019.10.26-01.53.09:419][  0]LogDerivedDataCache: Saved boot cache 0.10s 71MB C:/Users/twzhe/AppData/Local/UnrealEngine/4.20/DerivedDataCache/Boot.ddc.
[2019.10.26-01.53.09:436][  0]LogInit: Texture streaming: Enabled
[2019.10.26-01.53.09:566][  0]LogEngineSessionManager: EngineSessionManager initialized
[2019.10.26-01.53.09:616][  0]LogInit: Transaction tracking system initialized
[2019.10.26-01.53.09:762][  0]BlueprintLog: New page: Editor Load
[2019.10.26-01.53.10:549][  0]LocalizationService: Localization service is disabled
[2019.10.26-01.53.12:193][  0]LogCook: Display: Max memory allowance for cook 16384mb min free memory 0mb
[2019.10.26-01.53.12:193][  0]LogCook: Display: Mobile HDR setting 1
[2019.10.26-01.53.12:194][  0]LogGameplayTags: Display: UGameplayTagsManager::DoneAddingNativeTags. DelegateIsBound: 0
[2019.10.26-01.53.12:194][  0]LogStats: UGameplayTagsManager::ConstructGameplayTagTree: ImportINI prefixes -  0.000 s
[2019.10.26-01.53.12:194][  0]LogStats: UGameplayTagsManager::ConstructGameplayTagTree: Construct from data asset -  0.000 s
[2019.10.26-01.53.12:195][  0]LogStats: UGameplayTagsManager::ConstructGameplayTagTree: ImportINI -  0.000 s
[2019.10.26-01.53.12:195][  0]LogStats: UGameplayTagsManager::ConstructGameplayTagTree: GameplayTagTreeChangedEvent.Broadcast -  0.000 s
[2019.10.26-01.53.13:134][  0]LogFileCache: Scanning file cache for directory 'C:/Users/twzhe/Desktop/MonolithTD2019/MonolithTD2019/Content/' took 0.04s
[2019.10.26-01.53.13:187][  0]SourceControl: Source control is disabled
[2019.10.26-01.53.13:188][  0]Cmd: MAP LOAD FILE="../../../../../../Users/twzhe/Desktop/MonolithTD2019/MonolithTD2019/Content/ThirdPersonBP/Maps/ThirdPersonExampleMap.umap" TEMPLATE=0 SHOWPROGRESS=1 FEATURELEVEL=3
[2019.10.26-01.53.13:201][  0]LightingResults: New page: Lighting Build
[2019.10.26-01.53.13:213][  0]MapCheck: New page: Map Check
[2019.10.26-01.53.13:213][  0]LightingResults: New page: Lighting Build
[2019.10.26-01.53.14:475][  0]LogAIModule: Creating AISystem for world ThirdPersonExampleMap
[2019.10.26-01.53.14:544][  0]LogEditorServer: Finished looking for orphan Actors (0.000 secs)
[2019.10.26-01.53.14:578][  0]Cmd: MAP CHECKDEP NOCLEARLOG
[2019.10.26-01.53.14:894][  0]MapCheck: Map check complete: 0 Error(s), 0 Warning(s), took 315.537ms to complete.
[2019.10.26-01.53.14:896][  0]LogFileHelpers: Loading map 'ThirdPersonExampleMap' took 1.709
[2019.10.26-01.53.15:146][  0]LogSlate: Updating window title bar state: overlay mode, drag disabled, window buttons hidden, title bar hidden
[2019.10.26-01.53.15:162][  0]LogSlate: Updating window title bar state: overlay mode, drag disabled, window buttons hidden, title bar hidden
[2019.10.26-01.53.15:174][  0]LogSlate: Updating window title bar state: overlay mode, drag disabled, window buttons hidden, title bar hidden
[2019.10.26-01.53.15:185][  0]LogSlate: Updating window title bar state: overlay mode, drag disabled, window buttons hidden, title bar hidden
[2019.10.26-01.53.15:226][  0]LogCollectionManager: Loaded 0 collections in 0.003320 seconds
[2019.10.26-01.53.15:297][  0]LogFileCache: Scanning file cache for directory 'C:/Users/twzhe/Desktop/MonolithTD2019/MonolithTD2019/Saved/Collections/' took 0.02s
[2019.10.26-01.53.15:297][  0]LogFileCache: Scanning file cache for directory 'C:/Users/twzhe/Desktop/MonolithTD2019/MonolithTD2019/Content/Developers/twzhe/Collections/' took 0.01s
[2019.10.26-01.53.15:297][  0]LogFileCache: Scanning file cache for directory 'C:/Users/twzhe/Desktop/MonolithTD2019/MonolithTD2019/Content/Collections/' took 0.01s
[2019.10.26-01.53.15:297][  0]LogCollectionManager: Rebuilt the GUID cache for 0 collections in 0.000001 seconds
[2019.10.26-01.53.15:310][  0]LogContentBrowser: Native class hierarchy populated in 0.0123 seconds. Added 2572 classes and 603 folders.
[2019.10.26-01.53.15:326][  0]LogContentBrowser: Native class hierarchy updated for 'WidgetCarousel' in 0.0005 seconds. Added 0 classes and 0 folders.
[2019.10.26-01.53.15:954][  0]LogContentBrowser: Native class hierarchy updated for 'AddContentDialog' in 0.0004 seconds. Added 0 classes and 0 folders.
[2019.10.26-01.53.15:993][  0]LogContentBrowser: Native class hierarchy updated for 'SceneOutliner' in 0.0006 seconds. Added 1 classes and 2 folders.
[2019.10.26-01.53.16:099][  0]LogSlate: Took 0.016908 seconds to synchronously load lazily loaded font '../../../Engine/Content/Slate/Fonts/Roboto-Regular.ttf' (155K)
[2019.10.26-01.53.16:114][  0]LogSlate: Took 0.009688 seconds to synchronously load lazily loaded font '../../../Engine/Content/Slate/Fonts/Roboto-Bold.ttf' (160K)
[2019.10.26-01.53.16:137][  0]LogSlate: Took 0.010479 seconds to synchronously load lazily loaded font '../../../Engine/Content/Editor/Slate/Fonts/FontAwesome.ttf' (139K)
[2019.10.26-01.53.16:489][  0]LogRenderer: Reallocating scene render targets to support 908x556 Format 10 NumSamples 1 (Frame:1).
[2019.10.26-01.53.16:809][  0]LogContentBrowser: Native class hierarchy updated for 'HierarchicalLODOutliner' in 0.0004 seconds. Added 0 classes and 0 folders.
[2019.10.26-01.53.16:809][  0]LogLoad: (Engine Initialization) Total time: 41.90 seconds
[2019.10.26-01.53.16:809][  0]LogLoad: (Engine Initialization) Total Blueprint compile time: 0.00 seconds
[2019.10.26-01.53.16:867][  0]LogContentStreaming: Texture pool size now 1000 MB
[2019.10.26-01.53.17:103][  1]LogAssetRegistry: Asset discovery search completed in 22.0636 seconds
[2019.10.26-01.53.17:108][  1]LogCollectionManager: Rebuilt the object cache for 0 collections in 0.000001 seconds (found 0 objects)
[2019.10.26-01.53.17:108][  1]LogCollectionManager: Fixed up redirectors for 0 collections in 0.000188 seconds (updated 0 objects)
[2019.10.26-01.53.55:120][625]LogSlate: FSceneViewport::OnFocusLost() reason 0
[2019.10.26-01.53.58:510][691]LogSlate: Took 0.008840 seconds to synchronously load lazily loaded font '../../../Engine/Content/Slate/Fonts/Roboto-Light.ttf' (167K)
[2019.10.26-01.53.58:527][691]LogAssetEditorManager: Opening Asset editor for Blueprint /Game/ThirdPersonBP/Blueprints/ThirdPersonCharacter.ThirdPersonCharacter
[2019.10.26-01.53.59:502][691]LogContentBrowser: Native class hierarchy updated for 'BlueprintGraph' in 0.0009 seconds. Added 116 classes and 0 folders.
[2019.10.26-01.54.00:790][691]LogSlate: Took 0.006787 seconds to synchronously load lazily loaded font '../../../Engine/Content/Slate/Fonts/Roboto-BoldCondensed.ttf' (158K)
[2019.10.26-01.54.01:107][692]LogSlate: Took 0.012453 seconds to synchronously load lazily loaded font '../../../Engine/Content/Slate/Fonts/Roboto-Italic.ttf' (157K)
[2019.10.26-01.54.25:690][221]LogSlate: Window 'Message' being destroyed
[2019.10.26-01.54.41:906][594]LogSlate: Window 'ThirdPersonCharacter*' being destroyed
[2019.10.26-01.54.43:850][649]LogTemp: Repeating last play command: Selected Viewport
[2019.10.26-01.54.43:910][649]LogBlueprintUserMessages: Early PlayInEditor Detection: Level '/Game/ThirdPersonBP/Maps/ThirdPersonExampleMap.ThirdPersonExampleMap:PersistentLevel' has LevelScriptBlueprint '/Game/ThirdPersonBP/Maps/ThirdPersonExampleMap.ThirdPersonExampleMap:PersistentLevel.ThirdPersonExampleMap' with GeneratedClass '/Game/ThirdPersonBP/Maps/ThirdPersonExampleMap.ThirdPersonExampleMap_C' with ClassGeneratedBy '/Game/ThirdPersonBP/Maps/ThirdPersonExampleMap.ThirdPersonExampleMap:PersistentLevel.ThirdPersonExampleMap'
[2019.10.26-01.54.43:911][649]BlueprintLog: New page: Pre-Play auto-recompile
[2019.10.26-01.54.43:924][649]LogPlayLevel: [PlayLevel] Compiling ThirdPersonCharacter before play...
[2019.10.26-01.54.44:144][649]LogPlayLevel: PlayLevel: Blueprint regeneration took 232 ms (1 blueprints)
[2019.10.26-01.54.44:177][649]PIE: New page: PIE session: ThirdPersonExampleMap (Oct 25, 2019, 5:54:44 PM)
[2019.10.26-01.54.44:178][649]LogPlayLevel: Creating play world package: /Game/ThirdPersonBP/Maps/UEDPIE_0_ThirdPersonExampleMap
[2019.10.26-01.54.44:204][649]LogPlayLevel: PIE: StaticDuplicateObject took: (0.026036s)
[2019.10.26-01.54.44:205][649]LogAIModule: Creating AISystem for world ThirdPersonExampleMap
[2019.10.26-01.54.44:206][649]LogPlayLevel: PIE: World Init took: (0.001928s)
[2019.10.26-01.54.44:206][649]LogPlayLevel: PIE: Created PIE world by copying editor world from /Game/ThirdPersonBP/Maps/ThirdPersonExampleMap.ThirdPersonExampleMap to /Game/ThirdPersonBP/Maps/UEDPIE_0_ThirdPersonExampleMap.ThirdPersonExampleMap (0.028419s)
[2019.10.26-01.54.44:298][649]LogInit: XAudio2 using 'Headphones (Realtek High Definition Audio(SST))' : 2 channels at 48 kHz using 32 bits per sample (channel mask 0x3)
[2019.10.26-01.54.44:336][649]LogInit: FAudioDevice initialized.
[2019.10.26-01.54.44:405][649]LogLoad: Game class is 'ThirdPersonGameMode_C'
[2019.10.26-01.54.44:422][649]LogWorld: Bringing World /Game/ThirdPersonBP/Maps/UEDPIE_0_ThirdPersonExampleMap.ThirdPersonExampleMap up for play (max tick rate 60) at 2019.10.25-21.54.44
[2019.10.26-01.54.44:425][649]LogWorld: Bringing up level for play took: 0.006045
[2019.10.26-01.54.44:484][649]LogContentBrowser: Native class hierarchy updated for 'MovieSceneCapture' in 0.0005 seconds. Added 10 classes and 0 folders.
[2019.10.26-01.54.44:486][649]PIE: Play in editor start time for /Game/ThirdPersonBP/Maps/UEDPIE_0_ThirdPersonExampleMap 1.453
[2019.10.26-01.54.44:487][649]LogBlueprintUserMessages: Late PlayInEditor Detection: Level '/Game/ThirdPersonBP/Maps/ThirdPersonExampleMap.ThirdPersonExampleMap:PersistentLevel' has LevelScriptBlueprint '/Game/ThirdPersonBP/Maps/ThirdPersonExampleMap.ThirdPersonExampleMap:PersistentLevel.ThirdPersonExampleMap' with GeneratedClass '/Game/ThirdPersonBP/Maps/ThirdPersonExampleMap.ThirdPersonExampleMap_C' with ClassGeneratedBy '/Game/ThirdPersonBP/Maps/ThirdPersonExampleMap.ThirdPersonExampleMap:PersistentLevel.ThirdPersonExampleMap'
[2019.10.26-01.54.57:240][ 20]LogBlueprintUserMessages: Early EndPlayMap Detection: Level '/Game/ThirdPersonBP/Maps/ThirdPersonExampleMap.ThirdPersonExampleMap:PersistentLevel' has LevelScriptBlueprint '/Game/ThirdPersonBP/Maps/ThirdPersonExampleMap.ThirdPersonExampleMap:PersistentLevel.ThirdPersonExampleMap' with GeneratedClass '/Game/ThirdPersonBP/Maps/ThirdPersonExampleMap.ThirdPersonExampleMap_C' with ClassGeneratedBy '/Game/ThirdPersonBP/Maps/ThirdPersonExampleMap.ThirdPersonExampleMap:PersistentLevel.ThirdPersonExampleMap'
[2019.10.26-01.54.57:241][ 20]LogSlate: Updating window title bar state: overlay mode, drag disabled, window buttons hidden, title bar hidden
[2019.10.26-01.54.57:322][ 20]LogPlayLevel: Display: Shutting down PIE online subsystems
[2019.10.26-01.54.57:322][ 20]LogBlueprintUserMessages: Late EndPlayMap Detection: Level '/Game/ThirdPersonBP/Maps/ThirdPersonExampleMap.ThirdPersonExampleMap:PersistentLevel' has LevelScriptBlueprint '/Game/ThirdPersonBP/Maps/ThirdPersonExampleMap.ThirdPersonExampleMap:PersistentLevel.ThirdPersonExampleMap' with GeneratedClass '/Game/ThirdPersonBP/Maps/ThirdPersonExampleMap.ThirdPersonExampleMap_C' with ClassGeneratedBy '/Game/ThirdPersonBP/Maps/ThirdPersonExampleMap.ThirdPersonExampleMap:PersistentLevel.ThirdPersonExampleMap'
[2019.10.26-01.54.57:363][ 20]LogSlate: Updating window title bar state: overlay mode, drag disabled, window buttons hidden, title bar hidden
[2019.10.26-01.54.57:385][ 21]LogPlayLevel: Display: Destroying online subsystem :Context_3
[2019.10.26-01.56.24:347][328]LogSlate: FSceneViewport::OnFocusLost() reason 2
[2019.10.26-01.56.25:996][349]LogSlate: FSceneViewport::OnFocusLost() reason 2
[2019.10.26-01.56.28:179][410]LogSlate: FSceneViewport::OnFocusLost() reason 0
[2019.10.26-01.58.46:671][955]LogSlate: FSceneViewport::OnFocusLost() reason 0
[2019.10.26-02.00.19:245][636]LogAssetEditorManager: Opening Asset editor for Blueprint /Game/ThirdPersonBP/Blueprints/IDamagable.IDamagable
[2019.10.26-02.00.21:676][678]LogSlate: Window 'IDamagable*' being destroyed
[2019.10.26-02.00.21:734][678]LogSlate: Window 'IDamagable*' being destroyed
[2019.10.26-02.00.25:153][739]LogMetaData: Removing '/Game/ThirdPersonBP/Blueprints/IDamageable.SKEL_IDamageable_C' ref from Metadata '/Game/ThirdPersonBP/Blueprints/IDamagable.PackageMetaData'
[2019.10.26-02.00.25:154][739]LogMetaData: Removing '/Game/ThirdPersonBP/Blueprints/IDamageable.IDamageable_C' ref from Metadata '/Game/ThirdPersonBP/Blueprints/IDamagable.PackageMetaData'
[2019.10.26-02.00.25:154][739]LogMetaData: Removing '/Game/ThirdPersonBP/Blueprints/IDamageable.IDamageable:NewFunction_0.K2Node_FunctionEntry_0' ref from Metadata '/Game/ThirdPersonBP/Blueprints/IDamagable.PackageMetaData'
[2019.10.26-02.00.25:247][739]LogSavePackage: Moving '../../../../../../Users/twzhe/Desktop/MonolithTD2019/MonolithTD2019/Saved/IDamageable272EF790464E8767BA7F64A1D640BB28.tmp' to '../../../../../../Users/twzhe/Desktop/MonolithTD2019/MonolithTD2019/Content/ThirdPersonBP/Blueprints/IDamageable.uasset'
[2019.10.26-02.00.26:201][748]LogAssetEditorManager: Opening Asset editor for Blueprint /Game/ThirdPersonBP/Blueprints/IDamageable.IDamageable
[2019.10.26-02.01.50:364][155]LogSlate: Took 0.015548 seconds to synchronously load lazily loaded font '../../../Engine/Content/Slate/Fonts/Roboto-BoldCondensedItalic.ttf' (160K)
[2019.10.26-02.02.00:055][261]LogSavePackage: Moving '../../../../../../Users/twzhe/Desktop/MonolithTD2019/MonolithTD2019/Saved/IDamageable8EF84BBA495972A086806E9D8278CE8D.tmp' to '../../../../../../Users/twzhe/Desktop/MonolithTD2019/MonolithTD2019/Content/ThirdPersonBP/Blueprints/IDamageable.uasset'
[2019.10.26-02.02.56:108][  4]LogEditorViewport: Clicking on Actor (LMB): SphereReflectionCapture (SphereReflectionCapture)
[2019.10.26-02.02.58:280][ 57]Cmd: SELECT NONE
[2019.10.26-02.03.00:301][102]LogSlate: FSceneViewport::OnFocusLost() reason 0
[2019.10.26-02.03.31:331][283]LogSavePackage: Moving '../../../../../../Users/twzhe/Desktop/MonolithTD2019/MonolithTD2019/Saved/ThirdPersonExampleMap_Auto1C9000D5744F7E880C68757B492FF3650.tmp' to '../../../../../../Users/twzhe/Desktop/MonolithTD2019/MonolithTD2019/Saved/Autosaves/Game/ThirdPersonBP/Maps/ThirdPersonExampleMap_Auto1.umap'
[2019.10.26-02.03.31:349][283]LogFileHelpers: Editor autosave (incl. sublevels) for '/Game/ThirdPersonBP/Maps/ThirdPersonExampleMap' took 0.415
[2019.10.26-02.03.31:349][283]LogFileHelpers: Editor autosave (incl. sublevels) for all levels took 0.415
[2019.10.26-02.03.31:358][283]OBJ SavePackage: Generating thumbnails for [1] asset(s) in package [/Game/ThirdPersonBP/Blueprints/ThirdPersonCharacter] ([1] browsable assets)...
[2019.10.26-02.03.31:398][283]OBJ SavePackage:     Rendered thumbnail for [Blueprint /Game/ThirdPersonBP/Blueprints/ThirdPersonCharacter.ThirdPersonCharacter]
[2019.10.26-02.03.31:398][283]OBJ SavePackage: Finished generating thumbnails for package [/Game/ThirdPersonBP/Blueprints/ThirdPersonCharacter]
[2019.10.26-02.03.31:505][283]LogSavePackage: Moving '../../../../../../Users/twzhe/Desktop/MonolithTD2019/MonolithTD2019/Saved/ThirdPersonCharacter_Auto1471849E64250FA955C13398C53D21178.tmp' to '../../../../../../Users/twzhe/Desktop/MonolithTD2019/MonolithTD2019/Saved/Autosaves/Game/ThirdPersonBP/Blueprints/ThirdPersonCharacter_Auto1.uasset'
[2019.10.26-02.03.31:520][283]LogFileHelpers: Auto-saving content packages took 0.166
[2019.10.26-02.07.50:136][ 55]LogSlate: FSceneViewport::OnFocusLost() reason 2
[2019.10.26-02.07.52:765][106]LogSavePackage: Moving '../../../../../../Users/twzhe/Desktop/MonolithTD2019/MonolithTD2019/Saved/ThirdPersonExampleMapEF8813C4442FC0843C9981836E3DF702.tmp' to '../../../../../../Users/twzhe/Desktop/MonolithTD2019/MonolithTD2019/Content/ThirdPersonBP/Maps/ThirdPersonExampleMap.umap'
[2019.10.26-02.07.53:381][106]LogSavePackage: Moving '../../../../../../Users/twzhe/Desktop/MonolithTD2019/MonolithTD2019/Saved/ThirdPersonExampleMap_BuiltDataAA9C666B4823FF42547D21979DA98E0A.tmp' to '../../../../../../Users/twzhe/Desktop/MonolithTD2019/MonolithTD2019/Content/ThirdPersonBP/Maps/ThirdPersonExampleMap_BuiltData.uasset'
[2019.10.26-02.07.56:203][128]LogSlate: Window 'Save Content' being destroyed
[2019.10.26-02.07.56:361][128]LogSavePackage: Moving '../../../../../../Users/twzhe/Desktop/MonolithTD2019/MonolithTD2019/Saved/ThirdPersonCharacter6FD096F8444AB44C8042EA8AA726DBF0.tmp' to '../../../../../../Users/twzhe/Desktop/MonolithTD2019/MonolithTD2019/Content/ThirdPersonBP/Blueprints/ThirdPersonCharacter.uasset'
[2019.10.26-02.07.56:510][128]LogSlate: Window 'IDamageable' being destroyed
[2019.10.26-02.07.56:551][128]LogSlate: Window 'MonolithTD2019 - Unreal Editor' being destroyed
[2019.10.26-02.07.56:552][128]LogWindowsTextInputMethodSystem: Display: IME system now deactivated.
[2019.10.26-02.07.57:124][129]Cmd: QUIT_EDITOR
[2019.10.26-02.07.57:379][129]LogExit: Preparing to exit.
[2019.10.26-02.07.58:858][129]LogExit: Editor shut down
[2019.10.26-02.07.58:859][129]LogExit: Transaction tracking system shut down
[2019.10.26-02.07.59:895][129]LogExit: Object subsystem successfully closed.
[2019.10.26-02.07.59:977][129]LogShaderCompilers: Display: Shaders left to compile 0
[2019.10.26-02.07.59:989][129]LogD3D11RHI: Shutdown
[2019.10.26-02.07.59:990][129]LogD3D11RHI: CleanupD3DDevice
[2019.10.26-02.08.00:012][129]LogD3D11RHI: ~FD3D11DynamicRHI
[2019.10.26-02.08.00:220][129]LogModuleManager: Shutting down and abandoning module MovieSceneCapture (616)
[2019.10.26-02.08.00:220][129]LogModuleManager: Shutting down and abandoning module Voice (614)
[2019.10.26-02.08.00:221][129]LogModuleManager: Shutting down and abandoning module BlueprintGraph (612)
[2019.10.26-02.08.00:221][129]LogModuleManager: Shutting down and abandoning module HierarchicalLODOutliner (610)
[2019.10.26-02.08.00:221][129]LogModuleManager: Shutting down and abandoning module SceneOutliner (608)
[2019.10.26-02.08.00:221][129]LogModuleManager: Shutting down and abandoning module AddContentDialog (606)
[2019.10.26-02.08.00:231][129]LogModuleManager: Shutting down and abandoning module WidgetCarousel (605)
[2019.10.26-02.08.00:231][129]LogModuleManager: Shutting down and abandoning module EditorWidgets (602)
[2019.10.26-02.08.00:231][129]LogModuleManager: Shutting down and abandoning module CollectionManager (600)
[2019.10.26-02.08.00:232][129]LogModuleManager: Shutting down and abandoning module StatsViewer (598)
[2019.10.26-02.08.00:234][129]LogModuleManager: Shutting down and abandoning module FoliageEdit (596)
[2019.10.26-02.08.00:234][129]LogModuleManager: Shutting down and abandoning module LandscapeEditor (594)
[2019.10.26-02.08.00:236][129]LogModuleManager: Shutting down and abandoning module MeshPaintMode (592)
[2019.10.26-02.08.00:237][129]LogModuleManager: Shutting down and abandoning module SceneDepthPickerMode (590)
[2019.10.26-02.08.00:237][129]LogModuleManager: Shutting down and abandoning module ActorPickerMode (588)
[2019.10.26-02.08.00:237][129]LogModuleManager: Shutting down and abandoning module GeometryMode (586)
[2019.10.26-02.08.00:237][129]LogModuleManager: Shutting down and abandoning module TextureAlignMode (584)
[2019.10.26-02.08.00:237][129]LogModuleManager: Shutting down and abandoning module BspMode (582)
[2019.10.26-02.08.00:237][129]LogModuleManager: Shutting down and abandoning module PIEPreviewDeviceProfileSelector (580)
[2019.10.26-02.08.00:237][129]LogModuleManager: Shutting down and abandoning module SequenceRecorderSections (578)
[2019.10.26-02.08.00:237][129]LogModuleManager: Shutting down and abandoning module AutomationWorker (576)
[2019.10.26-02.08.00:237][129]LogModuleManager: Shutting down and abandoning module AudioCaptureEditor (574)
[2019.10.26-02.08.00:237][129]LogModuleManager: Shutting down and abandoning module SequenceRecorder (573)
[2019.10.26-02.08.00:238][129]LogModuleManager: Shutting down and abandoning module MatineeToLevelSequence (570)
[2019.10.26-02.08.00:240][129]LogModuleManager: Shutting down and abandoning module LevelSequenceEditor (568)
[2019.10.26-02.08.00:243][129]LogModuleManager: Shutting down and abandoning module PlacementMode (567)
[2019.10.26-02.08.00:244][129]LogModuleManager: Shutting down and abandoning module MaterialEditor (566)
[2019.10.26-02.08.00:245][129]LogModuleManager: Shutting down and abandoning module WmfMediaFactory (562)
[2019.10.26-02.08.00:245][129]LogModuleManager: Shutting down and abandoning module WmfMediaEditor (560)
[2019.10.26-02.08.00:245][129]LogModuleManager: Shutting down and abandoning module MediaPlayerEditor (558)
[2019.10.26-02.08.00:246][129]LogModuleManager: Shutting down and abandoning module OpenExrWrapper (556)
[2019.10.26-02.08.00:246][129]LogModuleManager: Shutting down and abandoning module ImgMediaFactory (554)
[2019.10.26-02.08.00:246][129]LogModuleManager: Shutting down and abandoning module ImgMediaEditor (552)
[2019.10.26-02.08.00:246][129]LogModuleManager: Shutting down and abandoning module AvfMediaFactory (550)
[2019.10.26-02.08.00:246][129]LogModuleManager: Shutting down and abandoning module AvfMediaEditor (548)
[2019.10.26-02.08.00:246][129]LogModuleManager: Shutting down and abandoning module AndroidMediaFactory (546)
[2019.10.26-02.08.00:246][129]LogModuleManager: Shutting down and abandoning module AndroidMediaEditor (544)
[2019.10.26-02.08.00:246][129]LogModuleManager: Shutting down and abandoning module MagicLeapCameraPreviewFactory (542)
[2019.10.26-02.08.00:246][129]LogModuleManager: Shutting down and abandoning module MagicLeapMediaFactory (540)
[2019.10.26-02.08.00:247][129]LogModuleManager: Shutting down and abandoning module MagicLeapMediaEditor (538)
[2019.10.26-02.08.00:247][129]LogModuleManager: Shutting down and abandoning module CharacterAI (536)
[2019.10.26-02.08.00:247][129]LogModuleManager: Shutting down and abandoning module SmartSnapping (534)
[2019.10.26-02.08.00:247][129]LogModuleManager: Shutting down and abandoning module SessionServices (532)
[2019.10.26-02.08.00:247][129]LogModuleManager: Shutting down and abandoning module ViewportSnapping (530)
[2019.10.26-02.08.00:247][129]LogModuleManager: Shutting down and abandoning module ViewportInteraction (528)
[2019.10.26-02.08.00:247][129]LogModuleManager: Shutting down and abandoning module ClothPainter (526)
[2019.10.26-02.08.00:249][129]LogModuleManager: Shutting down and abandoning module SkeletalMeshEditor (525)
[2019.10.26-02.08.00:254][129]LogModuleManager: Shutting down and abandoning module LogVisualizer (522)
[2019.10.26-02.08.00:262][129]LogModuleManager: Shutting down and abandoning module IntroTutorials (520)
[2019.10.26-02.08.00:266][129]LogModuleManager: Shutting down and abandoning module GameProjectGeneration (519)
[2019.10.26-02.08.00:267][129]LogModuleManager: Shutting down and abandoning module LuminPlatformEditor (516)
[2019.10.26-02.08.00:267][129]LogModuleManager: Shutting down and abandoning module IOSPlatformEditor (514)
[2019.10.26-02.08.00:268][129]LogModuleManager: Shutting down and abandoning module HTML5PlatformEditor (512)
[2019.10.26-02.08.00:268][129]LogModuleManager: Shutting down and abandoning module AndroidPlatformEditor (510)
[2019.10.26-02.08.00:268][129]LogModuleManager: Shutting down and abandoning module AndroidDeviceDetection (509)
[2019.10.26-02.08.00:427][129]LogModuleManager: Shutting down and abandoning module WindowsPlatformEditor (506)
[2019.10.26-02.08.00:427][129]LogModuleManager: Shutting down and abandoning module LuminRuntimeSettings (504)
[2019.10.26-02.08.00:427][129]LogModuleManager: Shutting down and abandoning module IOSRuntimeSettings (502)
[2019.10.26-02.08.00:427][129]LogModuleManager: Shutting down and abandoning module AndroidRuntimeSettings (500)
[2019.10.26-02.08.00:427][129]LogModuleManager: Shutting down and abandoning module InputBindingEditor (498)
[2019.10.26-02.08.00:429][129]LogModuleManager: Shutting down and abandoning module MergeActors (496)
[2019.10.26-02.08.00:431][129]LogModuleManager: Shutting down and abandoning module LocalizationDashboard (494)
[2019.10.26-02.08.00:432][129]LogModuleManager: Shutting down and abandoning module LocalizationService (493)
[2019.10.26-02.08.00:433][129]LogModuleManager: Shutting down and abandoning module HardwareTargeting (490)
[2019.10.26-02.08.00:434][129]LogModuleManager: Shutting down and abandoning module DeviceProfileEditor (488)
[2019.10.26-02.08.00:434][129]LogModuleManager: Shutting down and abandoning module UndoHistory (486)
[2019.10.26-02.08.00:435][129]LogModuleManager: Shutting down and abandoning module XmlParser (484)
[2019.10.26-02.08.00:435][129]LogModuleManager: Shutting down and abandoning module Blutility (482)
[2019.10.26-02.08.00:436][129]LogModuleManager: Shutting down and abandoning module ProjectSettingsViewer (480)
[2019.10.26-02.08.00:437][129]LogModuleManager: Shutting down and abandoning module ProjectTargetPlatformEditor (479)
[2019.10.26-02.08.00:438][129]LogModuleManager: Shutting down and abandoning module EditorSettingsViewer (476)
[2019.10.26-02.08.00:438][129]LogModuleManager: Shutting down and abandoning module SettingsEditor (474)
[2019.10.26-02.08.00:440][129]LogModuleManager: Shutting down and abandoning module ProjectLauncher (472)
[2019.10.26-02.08.00:442][129]LogModuleManager: Shutting down and abandoning module SessionFrontend (470)
[2019.10.26-02.08.00:443][129]LogModuleManager: Shutting down and abandoning module ProfilerClient (468)
[2019.10.26-02.08.00:444][129]LogModuleManager: Shutting down and abandoning module DeviceManager (466)
[2019.10.26-02.08.00:445][129]LogModuleManager: Shutting down and abandoning module TargetDeviceServices (465)
[2019.10.26-02.08.00:509][129]LogModuleManager: Shutting down and abandoning module AutomationController (462)
[2019.10.26-02.08.00:512][129]LogModuleManager: Shutting down and abandoning module AutomationWindow (460)
[2019.10.26-02.08.00:513][129]LogModuleManager: Shutting down and abandoning module Layers (458)
[2019.10.26-02.08.00:517][129]LogModuleManager: Shutting down and abandoning module ComponentVisualizers (456)
[2019.10.26-02.08.00:517][129]LogModuleManager: Shutting down and abandoning module DetailCustomizations (454)
[2019.10.26-02.08.00:519][129]LogModuleManager: Shutting down and abandoning module PackagesDialog (452)
[2019.10.26-02.08.00:519][129]LogModuleManager: Shutting down and abandoning module Persona (450)
[2019.10.26-02.08.00:521][129]LogModuleManager: Shutting down and abandoning module AdvancedPreviewScene (449)
[2019.10.26-02.08.00:521][129]LogModuleManager: Shutting down and abandoning module AnimGraph (447)
[2019.10.26-02.08.00:521][129]LogModuleManager: Shutting down and abandoning module Kismet (444)
[2019.10.26-02.08.00:532][129]LogModuleManager: Shutting down and abandoning module GraphEditor (442)
[2019.10.26-02.08.00:532][129]LogModuleManager: Shutting down and abandoning module ClassViewer (440)
[2019.10.26-02.08.00:535][129]LogModuleManager: Shutting down and abandoning module Toolbox (438)
[2019.10.26-02.08.00:535][129]LogModuleManager: Shutting down and abandoning module ModuleUI (436)
[2019.10.26-02.08.00:535][129]LogModuleManager: Shutting down and abandoning module MovieSceneTools (434)
[2019.10.26-02.08.00:539][129]LogModuleManager: Shutting down and abandoning module OutputLog (432)
[2019.10.26-02.08.00:541][129]LogModuleManager: Shutting down and abandoning module GammaUI (430)
[2019.10.26-02.08.00:541][129]LogModuleManager: Shutting down and abandoning module Documentation (428)
[2019.10.26-02.08.00:541][129]LogModuleManager: Shutting down and abandoning module MovieSceneTracks (426)
[2019.10.26-02.08.00:541][129]LogModuleManager: Shutting down and abandoning module MovieScene (424)
[2019.10.26-02.08.00:541][129]LogModuleManager: Shutting down and abandoning module StreamingPauseRendering (422)
[2019.10.26-02.08.00:542][129]LogModuleManager: Shutting down and abandoning module LauncherPlatform (420)
[2019.10.26-02.08.00:542][129]LogModuleManager: Shutting down and abandoning module AnalyticsET (418)
[2019.10.26-02.08.00:542][129]LogModuleManager: Shutting down and abandoning module PortalServices (416)
[2019.10.26-02.08.00:542][129]LogModuleManager: Shutting down and abandoning module PortalRpc (414)
[2019.10.26-02.08.00:542][129]LogModuleManager: Shutting down and abandoning module MessagingRpc (412)
[2019.10.26-02.08.00:542][129]LogModuleManager: Shutting down and abandoning module AIModule (410)
[2019.10.26-02.08.00:544][129]LogModuleManager: Shutting down and abandoning module GameplayDebugger (409)
[2019.10.26-02.08.00:546][129]LogModuleManager: Shutting down and abandoning module AITestSuite (407)
[2019.10.26-02.08.00:546][129]LogModuleManager: Shutting down and abandoning module NavigationSystem (405)
[2019.10.26-02.08.00:547][129]LogModuleManager: Shutting down and abandoning module DesktopPlatform (402)
[2019.10.26-02.08.00:547][129]LogModuleManager: Shutting down and abandoning module ProfilerService (400)
[2019.10.26-02.08.00:652][129]LogModuleManager: Shutting down and abandoning module TaskGraph (398)
[2019.10.26-02.08.00:654][129]LogModuleManager: Shutting down and abandoning module SteamVRController (396)
[2019.10.26-02.08.00:654][129]LogModuleManager: Shutting down and abandoning module ProceduralMeshComponentEditor (394)
[2019.10.26-02.08.00:654][129]LogModuleManager: Shutting down and abandoning module ProceduralMeshComponent (392)
[2019.10.26-02.08.00:655][129]LogModuleManager: Shutting down and abandoning module OculusInput (390)
[2019.10.26-02.08.00:655][129]LogModuleManager: Shutting down and abandoning module MobilePatchingUtils (388)
[2019.10.26-02.08.00:655][129]LogModuleManager: Shutting down and abandoning module EditableMesh (386)
[2019.10.26-02.08.00:656][129]LogModuleManager: Shutting down and abandoning module CustomMeshComponent (384)
[2019.10.26-02.08.00:656][129]LogModuleManager: Shutting down and abandoning module CableComponent (382)
[2019.10.26-02.08.00:656][129]LogModuleManager: Shutting down and abandoning module AudioCapture (380)
[2019.10.26-02.08.00:656][129]LogModuleManager: Shutting down and abandoning module ArchVisCharacter (378)
[2019.10.26-02.08.00:656][129]LogModuleManager: Shutting down and abandoning module AndroidPermission (376)
[2019.10.26-02.08.00:656][129]LogModuleManager: Shutting down and abandoning module NUTUnrealEngine4 (374)
[2019.10.26-02.08.00:656][129]LogModuleManager: Shutting down and abandoning module NetcodeUnitTest (372)
[2019.10.26-02.08.00:660][129]LogModuleManager: Shutting down and abandoning module MediaCompositingEditor (370)
[2019.10.26-02.08.00:660][129]LogModuleManager: Shutting down and abandoning module MediaCompositing (368)
[2019.10.26-02.08.00:660][129]LogModuleManager: Shutting down and abandoning module LinearTimecode (366)
[2019.10.26-02.08.00:660][129]LogModuleManager: Shutting down and abandoning module ImgMedia (364)
[2019.10.26-02.08.00:669][129]LogModuleManager: Shutting down and abandoning module HTML5Networking (362)
[2019.10.26-02.08.00:669][129]LogModuleManager: Shutting down and abandoning module GeometryCacheTracks (360)
[2019.10.26-02.08.00:669][129]LogModuleManager: Shutting down and abandoning module GeometryCacheSequencer (358)
[2019.10.26-02.08.00:669][129]LogModuleManager: Shutting down and abandoning module BackChannel (356)
[2019.10.26-02.08.00:669][129]LogModuleManager: Shutting down and abandoning module AppleVision (354)
[2019.10.26-02.08.00:670][129]LogModuleManager: Shutting down and abandoning module AppleImageUtils (352)
[2019.10.26-02.08.00:670][129]LogModuleManager: Shutting down and abandoning module AlembicImporter (350)
[2019.10.26-02.08.00:670][129]LogModuleManager: Shutting down and abandoning module AlembicLibrary (349)
[2019.10.26-02.08.00:670][129]LogModuleManager: Shutting down and abandoning module GeometryCache (348)
[2019.10.26-02.08.00:670][129]LogModuleManager: Shutting down and abandoning module GeometryCacheEd (347)
[2019.10.26-02.08.00:670][129]LogModuleManager: Shutting down and abandoning module DatasmithContentEditor (342)
[2019.10.26-02.08.00:671][129]LogModuleManager: Shutting down and abandoning module DatasmithContent (340)
[2019.10.26-02.08.00:672][129]LogModuleManager: Shutting down and abandoning module SpeedTreeImporter (338)
[2019.10.26-02.08.00:673][129]LogModuleManager: Shutting down and abandoning module PluginBrowser (336)
[2019.10.26-02.08.00:677][129]LogModuleManager: Shutting down and abandoning module MobileLauncherProfileWizard (334)
[2019.10.26-02.08.00:678][129]LogModuleManager: Shutting down and abandoning module PolygonModeling (332)
[2019.10.26-02.08.00:678][129]LogModuleManager: Shutting down and abandoning module MeshEditor (330)
[2019.10.26-02.08.00:678][129]LogModuleManager: Shutting down and abandoning module CryptoKeysOpenSSL (328)
[2019.10.26-02.08.00:679][129]LogModuleManager: Shutting down and abandoning module CryptoKeys (326)
[2019.10.26-02.08.00:679][129]LogModuleManager: Shutting down and abandoning module VisualStudioSourceCodeAccess (324)
[2019.10.26-02.08.00:680][129]LogModuleManager: Shutting down and abandoning module VisualStudioCodeSourceCodeAccess (322)
[2019.10.26-02.08.00:680][129]LogModuleManager: Shutting down and abandoning module UObjectPlugin (320)
[2019.10.26-02.08.00:680][129]LogModuleManager: Shutting down and abandoning module SubversionSourceControl (318)
[2019.10.26-02.08.00:680][129]LogModuleManager: Shutting down and abandoning module PerforceSourceControl (316)
[2019.10.26-02.08.00:684][129]LogModuleManager: Shutting down and abandoning module GitSourceControl (314)
[2019.10.26-02.08.00:686][129]LogModuleManager: Shutting down and abandoning module SourceControl (313)
[2019.10.26-02.08.00:687][129]LogModuleManager: Shutting down and abandoning module CLionSourceCodeAccess (310)
[2019.10.26-02.08.00:688][129]LogModuleManager: Shutting down and abandoning module LightPropagationVolumeEditor (308)
[2019.10.26-02.08.00:688][129]LogModuleManager: Shutting down and abandoning module PaperTiledImporter (306)
[2019.10.26-02.08.00:688][129]LogModuleManager: Shutting down and abandoning module PaperSpriteSheetImporter (304)
[2019.10.26-02.08.00:688][129]LogModuleManager: Shutting down and abandoning module Paper2DEditor (302)
[2019.10.26-02.08.00:690][129]LogModuleManager: Shutting down and abandoning module MeshPaint (301)
[2019.10.26-02.08.00:691][129]LogModuleManager: Shutting down and abandoning module RuntimePhysXCooking (298)
[2019.10.26-02.08.00:691][129]LogModuleManager: Shutting down and abandoning module PhysXVehiclesEditor (296)
[2019.10.26-02.08.00:692][129]LogModuleManager: Shutting down and abandoning module PhysXVehicles (294)
[2019.10.26-02.08.00:692][129]LogModuleManager: Shutting down and abandoning module OculusEditor (292)
[2019.10.26-02.08.00:693][129]LogModuleManager: Shutting down and abandoning module LocationServicesBPLibrary (290)
[2019.10.26-02.08.00:693][129]LogModuleManager: Shutting down and abandoning module ImmediatePhysicsEditor (288)
[2019.10.26-02.08.00:693][129]LogModuleManager: Shutting down and abandoning module ImmediatePhysics (286)
[2019.10.26-02.08.00:694][129]LogModuleManager: Shutting down and abandoning module ActorSequence (284)
[2019.10.26-02.08.00:694][129]LogModuleManager: Shutting down and abandoning module UdpMessaging (282)
[2019.10.26-02.08.00:794][129]LogModuleManager: Shutting down and abandoning module TcpMessaging (280)
[2019.10.26-02.08.00:896][129]LogModuleManager: Shutting down and abandoning module MagicLeapAudio (278)
[2019.10.26-02.08.00:896][129]LogModuleManager: Shutting down and abandoning module GameplayTagsEditor (276)
[2019.10.26-02.08.00:898][129]LogModuleManager: Shutting down and abandoning module FacialAnimationEditor (274)
[2019.10.26-02.08.00:898][129]LogModuleManager: Shutting down and abandoning module FacialAnimation (272)
[2019.10.26-02.08.00:899][129]LogModuleManager: Shutting down and abandoning module DataValidation (270)
[2019.10.26-02.08.00:899][129]LogModuleManager: Shutting down and abandoning module AssetManagerEditor (268)
[2019.10.26-02.08.00:902][129]LogModuleManager: Shutting down and abandoning module LevelEditor (267)
[2019.10.26-02.08.00:905][129]LogModuleManager: Shutting down and abandoning module PixelInspectorModule (266)
[2019.10.26-02.08.00:907][129]LogModuleManager: Shutting down and abandoning module CommonMenuExtensions (264)
[2019.10.26-02.08.00:908][129]LogModuleManager: Shutting down and abandoning module MainFrame (262)
[2019.10.26-02.08.00:908][129]LogModuleManager: Shutting down and abandoning module HotReload (261)
[2019.10.26-02.08.00:911][129]LogModuleManager: Shutting down and abandoning module ContentBrowser (257)
[2019.10.26-02.08.00:914][129]LogModuleManager: Shutting down and abandoning module TreeMap (255)
[2019.10.26-02.08.00:915][129]LogModuleManager: Shutting down and abandoning module LightPropagationVolumeRuntime (252)
[2019.10.26-02.08.00:915][129]LogModuleManager: Shutting down and abandoning module AISupportModule (250)
[2019.10.26-02.08.00:916][129]LogModuleManager: Shutting down and abandoning module Paper2D (248)
[2019.10.26-02.08.00:916][129]LogModuleManager: Shutting down and abandoning module WindowsMoviePlayer (246)
[2019.10.26-02.08.00:917][129]LogModuleManager: Shutting down and abandoning module WmfMedia (244)
[2019.10.26-02.08.00:922][129]LogModuleManager: Shutting down and abandoning module Media (243)
[2019.10.26-02.08.00:929][129]LogModuleManager: Shutting down and abandoning module PacketHandler (240)
[2019.10.26-02.08.00:929][129]LogModuleManager: Shutting down and abandoning module ClothingSystemEditor (238)
[2019.10.26-02.08.00:929][129]LogModuleManager: Shutting down and abandoning module ClothingSystemRuntime (236)
[2019.10.26-02.08.00:933][129]LogModuleManager: Shutting down and abandoning module MediaAssets (234)
[2019.10.26-02.08.00:933][129]LogModuleManager: Shutting down and abandoning module Overlay (232)
[2019.10.26-02.08.00:933][129]LogModuleManager: Shutting down and abandoning module OverlayEditor (231)
[2019.10.26-02.08.00:933][129]LogModuleManager: Shutting down and abandoning module VREditor (228)
[2019.10.26-02.08.00:934][129]LogModuleManager: Shutting down and abandoning module StringTableEditor (226)
[2019.10.26-02.08.00:934][129]LogModuleManager: Shutting down and abandoning module GameplayTasksEditor (224)
[2019.10.26-02.08.00:935][129]LogModuleManager: Shutting down and abandoning module BehaviorTreeEditor (222)
[2019.10.26-02.08.00:938][129]LogModuleManager: Shutting down and abandoning module FunctionalTesting (220)
[2019.10.26-02.08.00:938][129]LogModuleManager: Shutting down and abandoning module CollisionAnalyzer (218)
[2019.10.26-02.08.00:942][129]LogModuleManager: Shutting down and abandoning module WorkspaceMenuStructure (217)
[2019.10.26-02.08.00:945][129]LogModuleManager: Shutting down and abandoning module UMG (214)
[2019.10.26-02.08.00:946][129]LogModuleManager: Shutting down and abandoning module UMGEditor (213)
[2019.10.26-02.08.00:949][129]LogModuleManager: Shutting down and abandoning module Sequencer (212)
[2019.10.26-02.08.00:955][129]LogModuleManager: Shutting down and abandoning module MessageLog (209)
[2019.10.26-02.08.00:955][129]LogModuleManager: Shutting down and abandoning module SlateReflector (204)
[2019.10.26-02.08.00:958][129]LogModuleManager: Shutting down and abandoning module Slate (202)
[2019.10.26-02.08.00:959][129]LogModuleManager: Shutting down and abandoning module EditorStyle (200)
[2019.10.26-02.08.00:966][129]LogModuleManager: Shutting down and abandoning module MRMesh (198)
[2019.10.26-02.08.00:967][129]LogModuleManager: Shutting down and abandoning module SourceCodeAccess (196)
[2019.10.26-02.08.00:967][129]LogModuleManager: Shutting down and abandoning module HeadMountedDisplay (194)
[2019.10.26-02.08.00:967][129]LogModuleManager: Shutting down and abandoning module XAudio2 (192)
[2019.10.26-02.08.00:967][129]LogModuleManager: Shutting down and abandoning module Networking (190)
[2019.10.26-02.08.00:967][129]LogModuleManager: Shutting down and abandoning module Core (188)
[2019.10.26-02.08.00:967][129]LogModuleManager: Shutting down and abandoning module LevelSequence (186)
[2019.10.26-02.08.00:967][129]LogModuleManager: Shutting down and abandoning module KismetCompiler (184)
[2019.10.26-02.08.00:967][129]LogModuleManager: Shutting down and abandoning module MeshUtilities (182)
[2019.10.26-02.08.00:969][129]LogModuleManager: Shutting down and abandoning module MeshMergeUtilities (181)
[2019.10.26-02.08.00:970][129]LogModuleManager: Shutting down and abandoning module MeshReductionInterface (180)
[2019.10.26-02.08.00:970][129]LogModuleManager: Shutting down and abandoning module SimplygonSwarm (179)
[2019.10.26-02.08.00:971][129]LogModuleManager: Shutting down and abandoning module ProxyLODMeshReduction (177)
[2019.10.26-02.08.00:974][129]LogModuleManager: Shutting down and abandoning module SimplygonMeshReduction (175)
[2019.10.26-02.08.00:974][129]LogModuleManager: Shutting down and abandoning module QuadricMeshReduction (173)
[2019.10.26-02.08.00:975][129]LogModuleManager: Shutting down and abandoning module MaterialBaking (169)
[2019.10.26-02.08.00:976][129]LogModuleManager: Shutting down and abandoning module DirectoryWatcher (165)
[2019.10.26-02.08.00:985][129]LogModuleManager: Shutting down and abandoning module DerivedDataCache (162)
[2019.10.26-02.08.01:035][129]LogDerivedDataCache: Shutdown
[2019.10.26-02.08.01:035][129]LogModuleManager: Shutting down and abandoning module XGEController (160)
[2019.10.26-02.08.01:036][129]LogXGEController: Cleaning working directory: C:/Users/twzhe/AppData/Local/Temp/UnrealXGEWorkingDir/
[2019.10.26-02.08.01:037][129]LogModuleManager: Shutting down and abandoning module TargetPlatform (158)
[2019.10.26-02.08.01:039][129]LogModuleManager: Shutting down and abandoning module VulkanShaderFormat (157)
[2019.10.26-02.08.01:039][129]LogModuleManager: Shutting down and abandoning module ShaderFormatVectorVM (155)
[2019.10.26-02.08.01:040][129]LogModuleManager: Shutting down and abandoning module ShaderFormatOpenGL (153)
[2019.10.26-02.08.01:040][129]LogModuleManager: Shutting down and abandoning module ShaderFormatD3D (151)
[2019.10.26-02.08.01:040][129]LogModuleManager: Shutting down and abandoning module MetalShaderFormat (149)
[2019.10.26-02.08.01:041][129]LogModuleManager: Shutting down and abandoning module TextureFormatUncompressed (147)
[2019.10.26-02.08.01:041][129]LogModuleManager: Shutting down and abandoning module TextureFormatPVR (145)
[2019.10.26-02.08.01:041][129]LogModuleManager: Shutting down and abandoning module TextureFormatDXT (143)
[2019.10.26-02.08.01:041][129]LogModuleManager: Shutting down and abandoning module TextureFormatIntelISPCTexComp (141)
[2019.10.26-02.08.01:043][129]LogModuleManager: Shutting down and abandoning module TextureFormatASTC (139)
[2019.10.26-02.08.01:043][129]LogModuleManager: Shutting down and abandoning module ImageWrapper (138)
[2019.10.26-02.08.01:043][129]LogModuleManager: Shutting down and abandoning module TextureFormatAndroid (135)
[2019.10.26-02.08.01:044][129]LogModuleManager: Shutting down and abandoning module AudioFormatOpus (133)
[2019.10.26-02.08.01:044][129]LogModuleManager: Shutting down and abandoning module AudioFormatOgg (131)
[2019.10.26-02.08.01:044][129]LogModuleManager: Shutting down and abandoning module AudioFormatADPCM (129)
[2019.10.26-02.08.01:044][129]LogModuleManager: Shutting down and abandoning module LuminTargetPlatform (127)
[2019.10.26-02.08.01:045][129]LogModuleManager: Shutting down and abandoning module LinuxTargetPlatform (125)
[2019.10.26-02.08.01:046][129]LogModuleManager: Shutting down and abandoning module LinuxServerTargetPlatform (123)
[2019.10.26-02.08.01:046][129]LogModuleManager: Shutting down and abandoning module LinuxNoEditorTargetPlatform (121)
[2019.10.26-02.08.01:047][129]LogModuleManager: Shutting down and abandoning module LinuxClientTargetPlatform (119)
[2019.10.26-02.08.01:047][129]LogModuleManager: Shutting down and abandoning module TVOSTargetPlatform (117)
[2019.10.26-02.08.01:096][129]LogModuleManager: Shutting down and abandoning module Messaging (115)
[2019.10.26-02.08.01:096][129]LogModuleManager: Shutting down and abandoning module IOSTargetPlatform (113)
[2019.10.26-02.08.01:120][129]LogModuleManager: Shutting down and abandoning module HTML5TargetPlatform (111)
[2019.10.26-02.08.01:120][129]LogModuleManager: Shutting down and abandoning module AndroidTargetPlatform (109)
[2019.10.26-02.08.01:261][129]LogModuleManager: Shutting down and abandoning module WindowsTargetPlatform (107)
[2019.10.26-02.08.01:261][129]LogModuleManager: Shutting down and abandoning module WindowsServerTargetPlatform (105)
[2019.10.26-02.08.01:262][129]LogModuleManager: Shutting down and abandoning module WindowsNoEditorTargetPlatform (103)
[2019.10.26-02.08.01:262][129]LogModuleManager: Shutting down and abandoning module WindowsClientTargetPlatform (101)
[2019.10.26-02.08.01:263][129]LogModuleManager: Shutting down and abandoning module MacTargetPlatform (99)
[2019.10.26-02.08.01:263][129]LogModuleManager: Shutting down and abandoning module MacServerTargetPlatform (97)
[2019.10.26-02.08.01:263][129]LogModuleManager: Shutting down and abandoning module MacNoEditorTargetPlatform (95)
[2019.10.26-02.08.01:264][129]LogModuleManager: Shutting down and abandoning module MacClientTargetPlatform (93)
[2019.10.26-02.08.01:264][129]LogModuleManager: Shutting down and abandoning module AllDesktopTargetPlatform (91)
[2019.10.26-02.08.01:264][129]LogModuleManager: Shutting down and abandoning module InputCore (88)
[2019.10.26-02.08.01:264][129]LogModuleManager: Shutting down and abandoning module Settings (86)
[2019.10.26-02.08.01:265][129]LogModuleManager: Shutting down and abandoning module PhysXCooking (84)
[2019.10.26-02.08.01:265][129]LogModuleManager: Shutting down and abandoning module SteamVR (82)
[2019.10.26-02.08.01:265][129]LogModuleManager: Shutting down and abandoning module OculusHMD (80)
[2019.10.26-02.08.01:265][129]LogModuleManager: Shutting down and abandoning module ExampleDeviceProfileSelector (78)
[2019.10.26-02.08.01:265][129]LogModuleManager: Shutting down and abandoning module LauncherChunkInstaller (76)
[2019.10.26-02.08.01:265][129]LogModuleManager: Shutting down and abandoning module OnlineBlueprintSupport (74)
[2019.10.26-02.08.01:265][129]LogModuleManager: Shutting down and abandoning module OnlineSubsystem (70)
[2019.10.26-02.08.01:268][129]LogModuleManager: Shutting down and abandoning module XMPP (65)
[2019.10.26-02.08.01:272][129]LogModuleManager: Shutting down and abandoning module WebSockets (64)
[2019.10.26-02.08.01:301][129]LogModuleManager: Shutting down and abandoning module HTTP (61)
[2019.10.26-02.08.01:302][129]LogHttp: Display: Http module shutting down, but needs to wait on 1 outstanding Http requests:
[2019.10.26-02.08.01:302][129]LogHttp: Display: 	verb=[POST] url=[https://datarouter.ol.epicgames.com/datarouter/api/v1/public/data?SessionID=%7BC817FE1D-41C8-ECBC-2724-9BB09DD3946A%7D&AppID=UEEditor.Rocket.Release&AppVersion=4.20.3-4369336%2B%2B%2BUE4%2BRelease-4.20&UserID=022e35ea47be6b340a4566ac442e7068%7Cbb03e841a60e4dab8fdfebb331d03df5%7C58c69b94-6576-4d05-851b-8b1655680a09&AppEnvironment=datacollector-binary&UploadType=eteventstream] status=Processing
[2019.10.26-02.08.01:315][129]LogModuleManager: Shutting down and abandoning module SSL (60)
[2019.10.26-02.08.01:323][129]LogModuleManager: Shutting down and abandoning module MagicLeapEmulator (56)
[2019.10.26-02.08.01:323][129]LogModuleManager: Shutting down and abandoning module MagicLeapPrivileges (54)
[2019.10.26-02.08.01:323][129]LogModuleManager: Shutting down and abandoning module MagicLeapIdentity (52)
[2019.10.26-02.08.01:323][129]LogModuleManager: Shutting down and abandoning module MagicLeapHelperVulkan (50)
[2019.10.26-02.08.01:323][129]LogModuleManager: Shutting down and abandoning module MagicLeapHelperOpenGL (48)
[2019.10.26-02.08.01:323][129]LogModuleManager: Shutting down and abandoning module MagicLeapSecureStorage (46)
[2019.10.26-02.08.01:323][129]LogModuleManager: Shutting down and abandoning module MagicLeapGestures (44)
[2019.10.26-02.08.01:324][129]LogModuleManager: Shutting down and abandoning module MagicLeapEyeTracker (42)
[2019.10.26-02.08.01:324][129]LogModuleManager: Shutting down and abandoning module MagicLeapController (40)
[2019.10.26-02.08.01:327][129]LogSlate: Slate User Destroyed.  User Index 0, Is Virtual User: 0
[2019.10.26-02.08.01:327][129]LogModuleManager: Shutting down and abandoning module MagicLeap (38)
[2019.10.26-02.08.01:328][129]LogModuleManager: Shutting down and abandoning module AnimationModifiers (36)
[2019.10.26-02.08.01:331][129]LogModuleManager: Shutting down and abandoning module PropertyEditor (35)
[2019.10.26-02.08.01:333][129]LogModuleManager: Shutting down and abandoning module AudioEditor (32)
[2019.10.26-02.08.01:334][129]LogModuleManager: Shutting down and abandoning module TextureCompressor (30)
[2019.10.26-02.08.01:338][129]LogModuleManager: Shutting down and abandoning module ShaderCore (28)
[2019.10.26-02.08.01:338][129]LogModuleManager: Shutting down and abandoning module Landscape (26)
[2019.10.26-02.08.01:338][129]LogModuleManager: Shutting down and abandoning module SlateRHIRenderer (24)
[2019.10.26-02.08.01:340][129]LogModuleManager: Shutting down and abandoning module OpenGLDrv (22)
[2019.10.26-02.08.01:341][129]LogModuleManager: Shutting down and abandoning module D3D11RHI (20)
[2019.10.26-02.08.01:341][129]LogModuleManager: Shutting down and abandoning module AnimGraphRuntime (18)
[2019.10.26-02.08.01:341][129]LogModuleManager: Shutting down and abandoning module Renderer (16)
[2019.10.26-02.08.01:341][129]LogModuleManager: Shutting down and abandoning module Engine (14)
[2019.10.26-02.08.01:341][129]LogModuleManager: Shutting down and abandoning module CoreUObject (12)
[2019.10.26-02.08.01:341][129]LogModuleManager: Shutting down and abandoning module NetworkFile (10)
[2019.10.26-02.08.01:342][129]LogModuleManager: Shutting down and abandoning module CookedIterativeFile (8)
[2019.10.26-02.08.01:342][129]LogModuleManager: Shutting down and abandoning module StreamingFile (6)
[2019.10.26-02.08.01:342][129]LogModuleManager: Shutting down and abandoning module SandboxFile (4)
[2019.10.26-02.08.01:343][129]LogModuleManager: Shutting down and abandoning module PakFile (2)
[2019.10.26-02.08.01:349][129]LogExit: Exiting.
[2019.10.26-02.08.01:384][129]Log file closed, 10/25/19 22:08:01
